2023-03-30T05:41:26+00:00 DEBUG tt4b_product_sync: missing access token for tt4b_product_sync
2023-03-30T05:42:02+00:00 DEBUG tt4b_product_sync: missing access token for tt4b_product_sync
2023-03-30T05:44:31+00:00 DEBUG tt4b_product_sync: missing access token for tt4b_product_sync
2023-03-30T05:47:18+00:00 DEBUG Tt4b_Pixel_Class::inject_view_content_event: hit injectViewContentEvent
2023-03-30T05:47:18+00:00 DEBUG Tt4b_Pixel_Class::inject_view_content_event: Missing option "access_token"
2023-03-30T05:47:42+00:00 DEBUG Tt4b_Pixel_Class::inject_add_to_cart_event: hit injectAddToCartEvent
2023-03-30T05:47:42+00:00 DEBUG Tt4b_Pixel_Class::inject_add_to_cart_event: Missing option "access_token"
2023-03-30T05:47:42+00:00 DEBUG Tt4b_Pixel_Class::inject_view_content_event: hit injectViewContentEvent
2023-03-30T05:47:42+00:00 DEBUG Tt4b_Pixel_Class::inject_view_content_event: Missing option "access_token"
2023-03-30T05:47:46+00:00 DEBUG Tt4b_Pixel_Class::inject_add_to_cart_event: hit injectAddToCartEvent
2023-03-30T05:47:46+00:00 DEBUG Tt4b_Pixel_Class::inject_add_to_cart_event: Missing option "access_token"
2023-03-30T05:47:46+00:00 DEBUG Tt4b_Pixel_Class::inject_view_content_event: hit injectViewContentEvent
2023-03-30T05:47:46+00:00 DEBUG Tt4b_Pixel_Class::inject_view_content_event: Missing option "access_token"
2023-03-30T05:48:11+00:00 DEBUG Tt4b_Pixel_Class::inject_start_checkout: hit injectStartCheckout
2023-03-30T05:48:11+00:00 DEBUG Tt4b_Pixel_Class::inject_start_checkout: Missing option "access_token"
2023-03-30T05:48:21+00:00 DEBUG Tt4b_Pixel_Class::inject_add_to_cart_event: hit injectAddToCartEvent
2023-03-30T05:48:21+00:00 DEBUG Tt4b_Pixel_Class::inject_add_to_cart_event: Missing option "access_token"
2023-03-30T05:48:21+00:00 DEBUG Tt4b_Pixel_Class::inject_view_content_event: hit injectViewContentEvent
2023-03-30T05:48:21+00:00 DEBUG Tt4b_Pixel_Class::inject_view_content_event: Missing option "access_token"
2023-03-30T05:53:39+00:00 DEBUG tt4b_product_sync: missing access token for tt4b_product_sync
2023-03-30T05:54:39+00:00 DEBUG tt4b_product_sync: missing access token for tt4b_product_sync
2023-03-30T05:55:53+00:00 DEBUG tt4b_product_sync: missing access token for tt4b_product_sync
2023-03-30T05:56:58+00:00 DEBUG Tt4b_Pixel_Class::inject_view_content_event: hit injectViewContentEvent
2023-03-30T05:56:58+00:00 DEBUG Tt4b_Pixel_Class::inject_view_content_event: Missing option "access_token"
2023-03-30T05:57:13+00:00 DEBUG Tt4b_Pixel_Class::inject_view_content_event: hit injectViewContentEvent
2023-03-30T05:57:13+00:00 DEBUG Tt4b_Pixel_Class::inject_view_content_event: Missing option "access_token"
2023-03-30T05:59:13+00:00 DEBUG Tt4b_Pixel_Class::inject_view_content_event: hit injectViewContentEvent
2023-03-30T05:59:13+00:00 DEBUG Tt4b_Pixel_Class::inject_view_content_event: Missing option "access_token"
2023-03-30T05:59:28+00:00 DEBUG Tt4b_Pixel_Class::inject_view_content_event: hit injectViewContentEvent
2023-03-30T05:59:28+00:00 DEBUG Tt4b_Pixel_Class::inject_view_content_event: Missing option "access_token"
2023-03-30T05:59:54+00:00 DEBUG Tt4b_Pixel_Class::inject_view_content_event: hit injectViewContentEvent
2023-03-30T05:59:54+00:00 DEBUG Tt4b_Pixel_Class::inject_view_content_event: Missing option "access_token"
2023-03-30T05:59:58+00:00 DEBUG Tt4b_Pixel_Class::inject_view_content_event: hit injectViewContentEvent
2023-03-30T05:59:58+00:00 DEBUG Tt4b_Pixel_Class::inject_view_content_event: Missing option "access_token"
2023-03-30T06:01:29+00:00 DEBUG Tt4b_Pixel_Class::inject_view_content_event: hit injectViewContentEvent
2023-03-30T06:01:29+00:00 DEBUG Tt4b_Pixel_Class::inject_view_content_event: Missing option "access_token"
2023-03-30T06:01:35+00:00 DEBUG Tt4b_Pixel_Class::inject_view_content_event: hit injectViewContentEvent
2023-03-30T06:01:35+00:00 DEBUG Tt4b_Pixel_Class::inject_view_content_event: Missing option "access_token"
2023-03-30T06:01:38+00:00 DEBUG Tt4b_Pixel_Class::inject_view_content_event: hit injectViewContentEvent
2023-03-30T06:01:38+00:00 DEBUG Tt4b_Pixel_Class::inject_view_content_event: Missing option "access_token"
2023-03-30T06:01:47+00:00 DEBUG Tt4b_Pixel_Class::inject_view_content_event: hit injectViewContentEvent
2023-03-30T06:01:47+00:00 DEBUG Tt4b_Pixel_Class::inject_view_content_event: Missing option "access_token"
2023-03-30T06:01:54+00:00 DEBUG Tt4b_Pixel_Class::inject_view_content_event: hit injectViewContentEvent
2023-03-30T06:01:54+00:00 DEBUG Tt4b_Pixel_Class::inject_view_content_event: Missing option "access_token"
2023-03-30T06:03:00+00:00 DEBUG Tt4b_Pixel_Class::inject_view_content_event: hit injectViewContentEvent
2023-03-30T06:03:00+00:00 DEBUG Tt4b_Pixel_Class::inject_view_content_event: Missing option "access_token"
2023-03-30T06:04:54+00:00 DEBUG Tt4b_Pixel_Class::inject_view_content_event: hit injectViewContentEvent
2023-03-30T06:04:54+00:00 DEBUG Tt4b_Pixel_Class::inject_view_content_event: Missing option "access_token"
2023-03-30T06:05:05+00:00 DEBUG Tt4b_Pixel_Class::inject_view_content_event: hit injectViewContentEvent
2023-03-30T06:05:05+00:00 DEBUG Tt4b_Pixel_Class::inject_view_content_event: Missing option "access_token"
2023-03-30T06:05:58+00:00 DEBUG tt4b_product_sync: missing access token for tt4b_product_sync
2023-03-30T06:05:58+00:00 DEBUG tt4b_product_delete: missing access token for tt4b_product_sync
2023-03-30T06:06:06+00:00 DEBUG tt4b_product_sync: missing access token for tt4b_product_sync
2023-03-30T06:06:06+00:00 DEBUG tt4b_product_delete: missing access token for tt4b_product_sync
2023-03-30T06:06:59+00:00 DEBUG tt4b_product_sync: missing access token for tt4b_product_sync
2023-03-30T06:17:34+00:00 DEBUG tt4b_product_sync: missing access token for tt4b_product_sync
2023-03-30T06:30:18+00:00 DEBUG tt4b_product_sync: missing access token for tt4b_product_sync
2023-03-30T06:37:44+00:00 DEBUG Tt4b_Pixel_Class::inject_view_content_event: hit injectViewContentEvent
2023-03-30T06:37:44+00:00 DEBUG Tt4b_Pixel_Class::inject_view_content_event: Missing option "access_token"
2023-03-30T06:38:51+00:00 DEBUG tt4b_product_sync: missing access token for tt4b_product_sync
2023-03-30T06:39:03+00:00 DEBUG tt4b_product_sync: missing access token for tt4b_product_sync
2023-03-30T06:39:27+00:00 DEBUG tt4b_product_sync: missing access token for tt4b_product_sync
2023-03-30T06:42:16+00:00 DEBUG tt4b_product_sync: missing access token for tt4b_product_sync
2023-03-30T06:43:18+00:00 DEBUG tt4b_product_sync: missing access token for tt4b_product_sync
2023-03-30T06:44:31+00:00 DEBUG tt4b_product_sync: missing access token for tt4b_product_sync
2023-03-30T06:45:00+00:00 DEBUG tt4b_product_sync: missing access token for tt4b_product_sync
2023-03-30T06:46:29+00:00 DEBUG tt4b_product_sync: missing access token for tt4b_product_sync
2023-03-30T06:46:48+00:00 DEBUG tt4b_product_sync: missing access token for tt4b_product_sync
2023-03-30T06:47:04+00:00 DEBUG Tt4b_Pixel_Class::inject_view_content_event: hit injectViewContentEvent
2023-03-30T06:47:04+00:00 DEBUG Tt4b_Pixel_Class::inject_view_content_event: Missing option "access_token"
2023-03-30T06:47:12+00:00 DEBUG Tt4b_Pixel_Class::inject_view_content_event: hit injectViewContentEvent
2023-03-30T06:47:12+00:00 DEBUG Tt4b_Pixel_Class::inject_view_content_event: Missing option "access_token"
2023-03-30T06:47:18+00:00 DEBUG Tt4b_Pixel_Class::inject_view_content_event: hit injectViewContentEvent
2023-03-30T06:47:18+00:00 DEBUG Tt4b_Pixel_Class::inject_view_content_event: Missing option "access_token"
2023-03-30T06:47:25+00:00 DEBUG Tt4b_Pixel_Class::inject_view_content_event: hit injectViewContentEvent
2023-03-30T06:47:25+00:00 DEBUG Tt4b_Pixel_Class::inject_view_content_event: Missing option "access_token"
2023-03-30T06:47:53+00:00 DEBUG tt4b_product_sync: missing access token for tt4b_product_sync
2023-03-30T06:48:04+00:00 DEBUG Tt4b_Pixel_Class::inject_view_content_event: hit injectViewContentEvent
2023-03-30T06:48:04+00:00 DEBUG Tt4b_Pixel_Class::inject_view_content_event: Missing option "access_token"
2023-03-30T06:50:08+00:00 DEBUG tt4b_product_sync: missing access token for tt4b_product_sync
2023-03-30T06:50:13+00:00 DEBUG Tt4b_Pixel_Class::inject_view_content_event: hit injectViewContentEvent
2023-03-30T06:50:13+00:00 DEBUG Tt4b_Pixel_Class::inject_view_content_event: Missing option "access_token"
2023-03-30T06:50:24+00:00 DEBUG tt4b_product_sync: missing access token for tt4b_product_sync
2023-03-30T06:50:27+00:00 DEBUG Tt4b_Pixel_Class::inject_view_content_event: hit injectViewContentEvent
2023-03-30T06:50:27+00:00 DEBUG Tt4b_Pixel_Class::inject_view_content_event: Missing option "access_token"
2023-03-30T06:50:39+00:00 DEBUG Tt4b_Pixel_Class::inject_view_content_event: hit injectViewContentEvent
2023-03-30T06:50:39+00:00 DEBUG Tt4b_Pixel_Class::inject_view_content_event: Missing option "access_token"
2023-03-30T06:50:53+00:00 DEBUG tt4b_product_sync: missing access token for tt4b_product_sync
2023-03-30T06:51:00+00:00 DEBUG Tt4b_Pixel_Class::inject_view_content_event: hit injectViewContentEvent
2023-03-30T06:51:00+00:00 DEBUG Tt4b_Pixel_Class::inject_view_content_event: Missing option "access_token"
2023-03-30T06:51:22+00:00 DEBUG Tt4b_Pixel_Class::inject_view_content_event: hit injectViewContentEvent
2023-03-30T06:51:22+00:00 DEBUG Tt4b_Pixel_Class::inject_view_content_event: Missing option "access_token"
2023-03-30T06:51:25+00:00 DEBUG Tt4b_Pixel_Class::inject_view_content_event: hit injectViewContentEvent
2023-03-30T06:51:25+00:00 DEBUG Tt4b_Pixel_Class::inject_view_content_event: Missing option "access_token"
2023-03-30T06:51:46+00:00 DEBUG tt4b_product_sync: missing access token for tt4b_product_sync
2023-03-30T06:51:53+00:00 DEBUG Tt4b_Pixel_Class::inject_view_content_event: hit injectViewContentEvent
2023-03-30T06:51:53+00:00 DEBUG Tt4b_Pixel_Class::inject_view_content_event: Missing option "access_token"
2023-03-30T06:52:14+00:00 DEBUG tt4b_product_sync: missing access token for tt4b_product_sync
2023-03-30T06:52:39+00:00 DEBUG tt4b_product_sync: missing access token for tt4b_product_sync
2023-03-30T06:52:45+00:00 DEBUG Tt4b_Pixel_Class::inject_view_content_event: hit injectViewContentEvent
2023-03-30T06:52:45+00:00 DEBUG Tt4b_Pixel_Class::inject_view_content_event: Missing option "access_token"
2023-03-30T06:53:03+00:00 DEBUG tt4b_product_sync: missing access token for tt4b_product_sync
2023-03-30T06:53:24+00:00 DEBUG tt4b_product_sync: missing access token for tt4b_product_sync
2023-03-30T06:53:35+00:00 DEBUG Tt4b_Pixel_Class::inject_view_content_event: hit injectViewContentEvent
2023-03-30T06:53:35+00:00 DEBUG Tt4b_Pixel_Class::inject_view_content_event: Missing option "access_token"
2023-03-30T06:53:56+00:00 DEBUG Tt4b_Pixel_Class::inject_view_content_event: hit injectViewContentEvent
2023-03-30T06:53:56+00:00 DEBUG Tt4b_Pixel_Class::inject_view_content_event: Missing option "access_token"
2023-03-30T06:54:01+00:00 DEBUG Tt4b_Pixel_Class::inject_view_content_event: hit injectViewContentEvent
2023-03-30T06:54:01+00:00 DEBUG Tt4b_Pixel_Class::inject_view_content_event: Missing option "access_token"
2023-03-30T06:54:14+00:00 DEBUG Tt4b_Pixel_Class::inject_view_content_event: hit injectViewContentEvent
2023-03-30T06:54:14+00:00 DEBUG Tt4b_Pixel_Class::inject_view_content_event: Missing option "access_token"
2023-03-30T06:55:00+00:00 DEBUG tt4b_product_sync: missing access token for tt4b_product_sync
2023-03-30T06:55:47+00:00 DEBUG tt4b_product_sync: missing access token for tt4b_product_sync
2023-03-30T06:56:42+00:00 DEBUG tt4b_product_sync: missing access token for tt4b_product_sync
2023-03-30T06:56:49+00:00 DEBUG Tt4b_Pixel_Class::inject_view_content_event: hit injectViewContentEvent
2023-03-30T06:56:49+00:00 DEBUG Tt4b_Pixel_Class::inject_view_content_event: Missing option "access_token"
2023-03-30T06:57:42+00:00 DEBUG tt4b_product_sync: missing access token for tt4b_product_sync
2023-03-30T06:57:54+00:00 DEBUG Tt4b_Pixel_Class::inject_view_content_event: hit injectViewContentEvent
2023-03-30T06:57:54+00:00 DEBUG Tt4b_Pixel_Class::inject_view_content_event: Missing option "access_token"
2023-03-30T09:05:14+00:00 DEBUG Tt4b_Pixel_Class::inject_view_content_event: hit injectViewContentEvent
2023-03-30T09:05:14+00:00 DEBUG Tt4b_Pixel_Class::inject_view_content_event: Missing option "access_token"
2023-03-30T10:18:19+00:00 DEBUG tt4b_product_sync: missing access token for tt4b_product_sync
2023-03-30T10:31:59+00:00 DEBUG tt4b_product_sync: missing access token for tt4b_product_sync
2023-03-30T10:32:27+00:00 DEBUG tt4b_product_sync: missing access token for tt4b_product_sync
2023-03-30T10:34:27+00:00 DEBUG tt4b_product_sync: missing access token for tt4b_product_sync
2023-03-30T10:34:46+00:00 DEBUG tt4b_product_sync: missing access token for tt4b_product_sync
2023-03-30T10:34:56+00:00 DEBUG tt4b_product_sync: missing access token for tt4b_product_sync
2023-03-30T10:35:10+00:00 DEBUG Tt4b_Pixel_Class::inject_view_content_event: hit injectViewContentEvent
2023-03-30T10:35:10+00:00 DEBUG Tt4b_Pixel_Class::inject_view_content_event: Missing option "access_token"
2023-03-30T11:11:32+00:00 DEBUG tt4b_product_sync: missing access token for tt4b_product_sync
2023-03-30T11:11:32+00:00 DEBUG tt4b_product_delete: missing access token for tt4b_product_sync
